{"level":"error","error":"ERROR: relation \"users\" does not exist (SQLSTATE 42P01)","email":"test@test.com","time":"2025-07-31T05:44:44Z","message":"Failed to find user by email"}
{"level":"fatal","error":"failed to connect to database: failed to connect to `user=huygdo database=personnel`:\n\t127.0.0.1:5432 (localhost): dial error: dial tcp 127.0.0.1:5432: connect: connection refused\n\t[::1]:5432 (localhost): dial error: dial tcp [::1]:5432: connect: connection refused","time":"2025-07-31T05:45:59Z","message":"could not connect to database"}
{"level":"fatal","error":"failed to connect to database: failed to connect to `user=huygdo database=personnel`:\n\t127.0.0.1:5432 (localhost): dial error: dial tcp 127.0.0.1:5432: connect: connection refused\n\t[::1]:5432 (localhost): dial error: dial tcp [::1]:5432: connect: connection refused","time":"2025-07-31T05:48:19Z","message":"could not connect to database"}
{"level":"info","time":"2025-07-31T05:52:57Z","message":"Database connection successful."}
{"level":"info","time":"2025-07-31T05:52:57Z","message":"Starting server on port 8080"}
{"level":"info","time":"2025-07-31T06:42:34Z","message":"Database connection successful."}
{"level":"info","time":"2025-07-31T06:42:34Z","message":"Starting server on port 8080"}
{"level":"info","time":"2025-07-31T07:52:11Z","message":"Database connection successful."}
{"level":"info","time":"2025-07-31T07:52:11Z","message":"Starting server on port 8080"}
{"level":"error","error":"ERROR: relation \"users\" does not exist (SQLSTATE 42P01)","email":"test@test.com","time":"2025-07-31T07:57:54Z","message":"Failed to find user by email"}
{"level":"error","error":"ERROR: relation \"users\" does not exist (SQLSTATE 42P01)","email":"test@test.com","time":"2025-07-31T07:58:43Z","message":"Failed to find user by email"}
{"level":"info","time":"2025-07-31T08:03:18Z","message":"Database connection successful."}
{"level":"info","time":"2025-07-31T08:03:18Z","message":"Starting server on port 8080"}
{"level":"error","error":"ERROR: relation \"users\" does not exist (SQLSTATE 42P01)","email":"test@test.com","time":"2025-07-31T08:03:35Z","message":"Failed to find user by email"}
{"level":"error","error":"ERROR: relation \"users\" does not exist (SQLSTATE 42P01)","email":"test@test.com","time":"2025-07-31T08:04:08Z","message":"Failed to find user by email"}
{"level":"error","error":"ERROR: relation \"users\" does not exist (SQLSTATE 42P01)","email":"test@test.com","time":"2025-07-31T08:04:10Z","message":"Failed to find user by email"}
{"level":"info","time":"2025-07-31T08:05:55Z","message":"Database connection successful."}
{"level":"info","time":"2025-07-31T08:05:55Z","message":"Starting server on port 8080"}
{"level":"info","time":"2025-07-31T08:23:28Z","message":"Database connection successful."}
{"level":"info","time":"2025-07-31T08:23:28Z","message":"Starting server on port 8080"}
{"level":"info","time":"2025-07-31T08:29:20Z","message":"Database connection successful."}
{"level":"info","time":"2025-07-31T08:29:20Z","message":"Starting server on port 8080"}
{"level":"info","time":"2025-07-31T08:31:44Z","message":"Database connection successful."}
{"level":"info","time":"2025-07-31T08:31:44Z","message":"Starting server on port 8080"}
{"level":"error","error":"ERROR: relation \"users\" does not exist (SQLSTATE 42P01)","email":"test@test.com","time":"2025-07-31T08:33:14Z","message":"Failed to find user by email"}
{"level":"error","error":"ERROR: relation \"users\" does not exist (SQLSTATE 42P01)","email":"test@test.com","time":"2025-07-31T08:33:26Z","message":"Failed to find user by email"}
{"level":"error","error":"ERROR: relation \"users\" does not exist (SQLSTATE 42P01)","email":"test@test.com","time":"2025-07-31T08:33:27Z","message":"Failed to find user by email"}
{"level":"info","time":"2025-07-31T08:39:19Z","message":"Database connection successful."}
{"level":"info","time":"2025-07-31T08:39:19Z","message":"Starting server on port 8080"}
{"level":"error","error":"ERROR: relation \"users\" does not exist (SQLSTATE 42P01)","email":"test@test.com","time":"2025-07-31T08:43:44Z","message":"Failed to find user by email"}
{"level":"error","error":"ERROR: relation \"users\" does not exist (SQLSTATE 42P01)","email":"test@test.com","time":"2025-07-31T08:43:45Z","message":"Failed to find user by email"}
{"level":"info","time":"2025-07-31T09:07:09Z","message":"Database connection successful."}
{"level":"info","time":"2025-07-31T09:07:09Z","message":"Starting server on port 8080"}
{"level":"info","time":"2025-07-31T09:29:57Z","message":"Database connection successful."}
{"level":"info","time":"2025-07-31T09:29:57Z","message":"Starting server on port 8080"}
{"level":"info","time":"2025-08-13T15:59:07+07:00","message":"Database connection successful."}
{"level":"info","time":"2025-08-13T15:59:07+07:00","message":"Starting server on port 8080"}
{"level":"info","time":"2025-08-14T01:40:18+07:00","message":"Database connection successful."}
{"level":"info","time":"2025-08-14T01:40:18+07:00","message":"Starting server on port 8080"}
{"level":"info","time":"2025-08-14T02:05:36+07:00","message":"Database connection successful."}
{"level":"info","time":"2025-08-14T02:05:36+07:00","message":"Starting server on port 8080"}
{"level":"info","time":"2025-08-14T02:12:40+07:00","message":"Database connection successful."}
{"level":"info","time":"2025-08-14T02:12:40+07:00","message":"Starting server on port 8080"}
{"level":"info","time":"2025-08-14T02:36:46+07:00","message":"Database connection successful."}
{"level":"info","time":"2025-08-14T02:36:46+07:00","message":"Starting server on port 8080"}
{"level":"info","time":"2025-08-14T02:55:55+07:00","message":"Database connection successful."}
{"level":"info","time":"2025-08-14T02:55:55+07:00","message":"Starting server on port 8080"}
{"level":"info","method":"POST","path":"/api/teams","status":401,"latency":12.225,"client_ip":"::1","time":"2025-08-14T02:55:59+07:00","message":"Request handled"}
{"level":"info","method":"POST","path":"/api/teams","status":500,"latency":22.649,"client_ip":"::1","time":"2025-08-14T02:56:20+07:00","message":"Request handled"}
{"level":"info","time":"2025-08-14T02:58:38+07:00","message":"Database connection successful."}
{"level":"info","time":"2025-08-14T02:58:38+07:00","message":"Starting server on port 8080"}
{"level":"info","method":"POST","path":"/api/teams","status":500,"latency":36.588333,"client_ip":"::1","time":"2025-08-14T02:58:40+07:00","message":"Request handled"}
{"level":"info","method":"POST","path":"/api/teams","status":500,"latency":7.145042,"client_ip":"::1","time":"2025-08-14T02:58:48+07:00","message":"Request handled"}
{"level":"info","method":"POST","path":"/api/teams","status":500,"latency":8.926583,"client_ip":"::1","time":"2025-08-14T03:13:37+07:00","message":"Request handled"}
{"level":"info","time":"2025-08-14T03:18:54+07:00","message":"Database connection successful."}
{"level":"info","time":"2025-08-14T03:18:54+07:00","message":"Starting server on port 8080"}
{"level":"info","method":"POST","path":"/api/teams","status":201,"latency":44.206875,"client_ip":"::1","time":"2025-08-14T03:19:00+07:00","message":"Request handled"}
{"level":"info","method":"POST","path":"/api/teams/e7fbfa48-89eb-4b2f-b535-c87ece362a49/members","status":401,"latency":0.628167,"client_ip":"::1","time":"2025-08-14T03:21:28+07:00","message":"Request handled"}
{"level":"info","method":"POST","path":"/api/teams/e7fbfa48-89eb-4b2f-b535-c87ece362a49/members","status":401,"latency":3.20925,"client_ip":"::1","time":"2025-08-14T03:21:53+07:00","message":"Request handled"}
{"level":"info","method":"POST","path":"/api/teams/e7fbfa48-89eb-4b2f-b535-c87ece362a49/members","status":204,"latency":82.29525,"client_ip":"::1","time":"2025-08-14T03:22:10+07:00","message":"Request handled"}
{"level":"info","method":"GET","path":"/api/users/import","status":404,"latency":0.481416,"client_ip":"::1","time":"2025-08-14T04:07:03+07:00","message":"Request handled"}
{"level":"info","time":"2025-08-14T04:07:18+07:00","message":"Database connection successful."}
{"level":"info","time":"2025-08-14T04:07:18+07:00","message":"Starting server on port 8080"}
{"level":"info","method":"GET","path":"/api/users/import","status":404,"latency":0.076583,"client_ip":"::1","time":"2025-08-14T04:07:22+07:00","message":"Request handled"}
{"level":"info","method":"POST","path":"/api/users/import","status":400,"latency":18.262167,"client_ip":"::1","time":"2025-08-14T04:07:39+07:00","message":"Request handled"}
{"level":"info","method":"POST","path":"/api/users/import","status":400,"latency":14.979959,"client_ip":"::1","time":"2025-08-14T04:08:24+07:00","message":"Request handled"}
{"level":"info","method":"POST","path":"/api/users/import","status":200,"latency":33.037833,"client_ip":"::1","time":"2025-08-14T04:09:06+07:00","message":"Request handled"}
{"level":"info","method":"POST","path":"/api/assets/folders","status":401,"latency":22.194125,"client_ip":"::1","time":"2025-08-14T04:38:42+07:00","message":"Request handled"}
{"level":"info","time":"2025-08-13T21:41:23Z","message":"Database connection successful."}
{"level":"info","time":"2025-08-13T21:41:23Z","message":"Starting server on port 8080"}
{"level":"info","method":"POST","path":"/api/assets/folders","status":503,"latency":1.99125,"client_ip":"192.168.65.1","time":"2025-08-13T21:41:48Z","message":"Request handled"}
{"level":"info","time":"2025-08-13T21:45:30Z","message":"Database connection successful."}
{"level":"info","time":"2025-08-13T21:45:30Z","message":"Starting server on port 8080"}
{"level":"info","time":"2025-08-13T21:46:01Z","message":"Database connection successful."}
{"level":"info","time":"2025-08-13T21:46:01Z","message":"Starting server on port 8080"}
{"level":"info","time":"2025-08-13T21:48:26Z","message":"Database connection successful."}
{"level":"info","time":"2025-08-13T21:48:26Z","message":"Starting server on port 8080"}
{"level":"info","method":"POST","path":"/api/assets/folders","status":201,"latency":49.43025,"client_ip":"192.168.65.1","time":"2025-08-13T21:49:57Z","message":"Request handled"}
{"level":"info","time":"2025-08-14T12:36:19+07:00","message":"Database connection successful."}
{"level":"info","time":"2025-08-14T12:36:19+07:00","message":"Starting server on port 8080"}
{"level":"info","method":"POST","path":"/api/users/import","status":200,"latency":19.120333,"client_ip":"::1","time":"2025-08-14T12:37:01+07:00","message":"Request handled"}
{"level":"info","time":"2025-08-14T12:45:47+07:00","message":"Database connection successful."}
{"level":"info","time":"2025-08-14T12:45:47+07:00","message":"Starting server on port 8080"}
{"level":"info","method":"POST","path":"/api/assets/folders","status":401,"latency":3.910417,"client_ip":"::1","time":"2025-08-14T12:49:41+07:00","message":"Request handled"}
{"level":"info","time":"2025-08-14T12:55:11+07:00","message":"Database connection successful."}
{"level":"info","time":"2025-08-14T12:55:11+07:00","message":"Starting server on port 8080"}
{"level":"info","method":"POST","path":"/api/users/import","status":401,"latency":9.137125,"client_ip":"::1","time":"2025-08-14T12:55:18+07:00","message":"Request handled"}
{"level":"info","method":"POST","path":"/api/users/import","status":200,"latency":2012.479041,"client_ip":"::1","time":"2025-08-14T12:55:36+07:00","message":"Request handled"}
{"level":"info","method":"GET","path":"/api/users/4cdf615e-5188-409f-88c2-0868432cac9b/assets","status":200,"latency":22.003833,"client_ip":"::1","time":"2025-08-14T14:14:24+07:00","message":"Request handled"}
